<?xml version="1.0" encoding="UTF-8"?>
<!-- Generated by org.testng.reporters.JUnitXMLReporter -->
<testsuite ignored="0" hostname="DESKTOP-MG9BS1P" failures="0" tests="8" name="Test" time="78.774" errors="0" timestamp="2021-12-13T19:17:08 IST">
  <testcase classname="Academy.Homepage" name="LaunchURL" time="3.357"/>
  <testcase classname="Academy.Homepage" name="Logincredentials" time="5.532"/>
  <testcase classname="Academy.Homepage" name="productname" time="6.328"/>
  <testcase classname="Academy.Homepage" name="printallproductname" time="0.3"/>
  <testcase classname="Academy.Homepage" name="clickproductsusingwindowshandling" time="1.211"/>
  <testcase classname="Academy.Homepage" name="sendpincodeUsingfilerobotclass" time="42.559"/>
  <testcase classname="Academy.Homepage" name="clickaddtocartbtn" time="0.791"/>
  <testcase classname="Academy.Homepage" name="navigatetohomescreen" time="2.177"/>
</testsuite> <!-- Test -->
